4026722
871106074
689224883
531475497
937524873
652512064
1242446614
36681537
368532015
192586560
1272021397
275702028
62003568
67571399
412099761
649701509
1307104226
236146032
452665032
941477624
297313559
1525149
373161498
1393037868
586828100
195688089
630859931
181923029
1199134626
46874889
1376819531
1320698115
597307285
394769319
293422821
1319306493
1146642046
146975211
562626312
443072479
1351169208
415385769
1064742173
938355784
842566464
200000417
1315068590
198757865
237815742
300086353
660936953
529044458
967417674
10558918
191735656
417124635
1381238199
375289493
423154325
639307124
17539000
600089748
1289079829
535147948
1391922734
1095470585
665968080
1162805093
842159650
816038491
614649939
269633181
606420856
524557021
291479559
367693017
440677714
390658805
888916829
831369730
866772093
1301458681
1127290312
1293649473
838795059
1014829038
332950936
906137265
805261498
999900513
11075825
1229543704
402841426
413212067
896733250
107122224
772928189
90719217
557447955
475885746
531012123
814008045
780257686
521763328
390407508
804913850
571358856
674917868
767102445
1029891108
1268208286
1366936405
1104878718
1291583754
43811486
1026671054
237100546
590354189
244274099
726504866
1132944094
549501520
394141700
1035695502
52090937
634728464
1233508173
644491271
1039969534
1198175886
1309852429
847132072
150188580
404777745
107658413
297092937
622159669
741447204
1139913109
1221076830
707749726
497551170
358259353
586512979
182001993
1113782947
1357512498
725665511
1109430434
971986151
515267424
1289681463
285566712
839835555
918890740
407676990
620346062
976301359
458098784
305952770
793402918
273084868
740943736
640413610
646640360
557036059
693562882
1023519616
244324780
640819673
592225236
632816158
437518146
702185041
766335555
7410122
816998474
253720979
1151955919
509763784
572086081
696348179
1310284923
1383730711
1396217817
1033929542
281258564
394969809
211555404
230359637
1284185153
681287868
366088760
1099551224
1083178222
113896621
925584916
80944476
396324703
53300492
1073249430
546754164
841174044
1290619277
296113947
731871962
326382837
855363759
238208256
29389301
1073991288
777369927
439629980
1356825469
249563905
1385327609
1304903244
365343540
1297198118
96919449
162059373
825820603
1399229672
171759081
834269964
867308843
1383590574
390852865
472162708
1334688250
1031710479
925640160
1358430533
91986459
1123046961
462399036
651729177
733036420
595780258
634999183
1251788769
967758091
743083316
764873359
279457203
3032874
1232764817
344387439
364339892
555234535
74315258
240443103
910948962
978518388
981142373
899548992
1278993723
1153723429
218760729
599957201
293228320
509192062
1320341005
1263375204
1352719913
178048030
1214317171
510508599
996451647
1383264238
865162991
289550908
328300997
1217973167
1303107227
218181136
1122988564
373278938
589192275
738823520
1249379255
558533912
325506423
657134734
1137814124
143529003
62256485
932445485
798646806
1361856558
866816514
1204080905
315806251
597237593
493677632
1403209554
432346467
95695022
1342250377
497100268
250844127
912400241
107256928
298139967
1087107628
235288574
789092490
1081686586
1265627091
584357424
104431873
1052050508
889811941
143328562
987141583
899873045
1216834694
438148198
958510115
365602943
627218728
1066263005
530702198
1077542377
642681320
1152328365
369846594
9041868
365996990
1087326625
267001583
879462503
254576017
1334363442
874404546
166262752
1231557550
1356594542
173067072
793327298
416136737
1203190635
959649721
577597825
722742973
1137358333
1062017318
562457271
248382703
527788993
788294172
108693690
489893432
403949358
1318341959
306180460
518192622
1022252961
1159534569
558221500
602700479
1256322296
220445508
1034592874
720310976
1111809827
1139772442
1091003916
717128185
1336018166
516908930
1078696146
1002949481
18131998
896549695
535526774
1315473587
1331262939
101436282
1351446376
844583579
595858249
359536960
1360249594
1068583692
1039546840
953093176
574212785
178366241
513404172
105002088
495710128
848479877
206702553
399183300
1242020438
301941453
928054961
383384147
987577703
419595962
817524221
639893660
447154194
1320801374
159028266
497084592
985855984
752279994
1103203511
1066546336
492034189
955517289
322261848
804111511
786056991
1243526199
1331902810
999926615
73926982
4691116
576588364
819705219
1161492916
274064457
613875752
372226179
793224812
1008286377
1332337768
1323892002
580706627
838935611
647015965
64077807
918146676
321689975
716609194
492120259
510668558
232669838
167274139
604594579
735378627
1225044765
167323634
282456555
278261004
947611832
208226952
140928050
837106679
171259146
660670374
486970002
57508943
470347530
1077696748
161211744
1110606001
1235061140
616635273
192923181
1057921301
510904836
586784658
877779191
336495093
178019888
643592673
262348930
1127500155
159201991
181207605
212602286
1349293518
818511417
1341274090
1049734691
548958494
857898841
10854075
982733256
799103517
558652645
214193309
547850279
837270741
97502359
205463311
231659603
1079054493
1086942601
1019662526
1198078483
712509614
1090762721
241426194
330195205
1096735387
667987790
1248838177
12282518
1364748254
270970500
890290983
553773193
692139109
58570677
771866900
957743716
999187198
990543339
1057476797
1045907378
1097317464
438553248
657563545
1075785715
52825679
1315043807
455335836
734086506
957665632
690907045
793512948
388457640
465675831
905342947
23599221
1343643062
198110797
1004917395
639785982
876080336
738880989
82422070
1214685259
1140651829
1374037854
1290818822
538630596
11588790
1198534957
1077747043
264902342
873559467
533737040
871415557
499726511
722059701
393988851
1114712348
867086980
760481133
1334723219
589879876
189607148
808981725
1266711234
1136014475
681725626
259330169
339971210
340237501
1229860772
24545161
411355522
590257608
428722967
196313334
946186542
396641890
650582056
972902458
1005970002
355336346
506714046
602592291
342725608
264522343
136034402
891635597
612065618
266958456
968677470
1091800031
451382042
1088788082
445173994
331771255
1043060648
157026336
829677048
475982908
1363698643
288009080
124202238
726866442
843066112
1151002714
37726472
930346533
955767858
626954594
589657252
829775288
431599493
1211929867
1203333741
1393071196
1119110137
732198093
310121162
296697944
1258034970
195306172
757098649
46176205
146564973
236327500
264254917
491992467
1031896859
1376921224
500901751
999370085
1085653576
1172025989
334888073
123943923
732067013
673573142
926536215
914328137
940484315
1106942214
794797909
472605481
787819281
1196263669
88318762
272508759
936796255
24339811
1392249481
490969949
777645484
148542773
265411736
371197918
1254411179
1132139324
386117964
365920821
1021317423
625772444
854534058
1351123416
68379958
243853188
990624181
667563271
272782702
466280567
1306953418
1328177145
572274590
517631505
459744267
664566314
820350403
98435186
834912129
1357237290
1234643212
1350650370
474273059
516521573
1348541684
1030719970
430796563
1018003441
838786102
1064206254
886132177
1399848353
1027065797
183267862
1066620399
971856899
1038632338
1072519216
197025836
372099085
1323212174
439398775
75669611
37215216
754344811
204433503
1351527986
378101093
653485328
829535902
610179403
868078240
369891244
1131431642
1151852554
1164899025
89797451
1389395104
22447836
1060093657
877919259
1401039706
545668715
610094862
1315465267
708334989
373684450
1053884243
675272331
119207837
998067035
1301768317
1007121280
550406656
1402924651
1210439058
54678645
663046999
159296314
1326577200
657046892
680737681
1058085174
1065596797
210759780
1128889929
890256782
1062685384
1140874823
336881594
357940157
395632652
580637656
442648079
750995402
190395687
454273794
172840575
721636869
875829208
1206847574
468151277
174569786
988851615
490121922
885801663
233942064
43244671
1056320016
652923710
940316811
349696706
487137957
68744494
1338944382
527983096
86234507
1256235540
971430526
1270996771
687566986
1262875628
444679899
1180898505
218329325
89768355
231112997
145618453
574834293
1071132972
654398299
701038612
1364291728
441804358
812557773
44392559
808192541
145481505
141266510
648178001
294184381
180729819
543979782
1233286281
1189070418
1001138745
63104974
1065997071
748708108
563492797
1328133747
1219699733
1041522951
193764823
581226180
949636094
1267811783
613470689
872290251
695949435
1311081840
467463014
557617673
1223154088
337368308
359619901
179295657
204942897
183599593
696175174
1407033147
474534145
603609658
1326239232
153177428
1336149026
530946834
87308735
1299862793
273807950
925574248
1395577483
431344700
13902862
1143797816
151388519
66976601
552357426
582997941
1119886366
945998025
1404768491
632997482
147051889
179768767
1085173335
655226802
500838778
1288989472
465804030
90402380
1373961102
729710928
1321462027
705793083
386039474
434049666
638250042
797291911
189185719
473828829
1328748686
1100946007
577160113
461065208
123146359
156306049
1375772183
1363956081
306549417
856853585
462305090
873199727
348428681
522981890
497778522
263808508
36853319
1058808193
389154613
1118249830
625622513
1155721828
1378421463
331841572
4281827
529466287
30766131
569411046
752726017
780585090
279386153
717703569
13089378
379661376
830845651
939783185
562088452
1334869011
510758059
651042078
1017973445
76913238
1352969779
674449661
8269954
588621496
1211834276
222055972
1134814663
1262092059
724567769
863813334
329403942
384743145
1363344711
206443327
240252880
801479031
175241248
748699505
636659228
377875619
260134479
1047555597
225450867
47538283
1196721500
1149002463
1252865583
721930495
407611206
34551780
121817015
128072646
256427967
312010436
476475849
470287768
280772959
350980941
128103917
250433092
230297094
422366358
856071129
939775096
498810126
138486986
574567500
1134065977
66741228
315628873
185396946
7886981
555801394
923982323
647695395
764098711
574037182
696778287
224376878
1194959788
1023599877
140472565
595071827
222767019
385274477
9464429
782379769
166682221
716855311
733049858
1221017390
222152584
464664706
1359517522
232950827
1121972476
1294786633
677697131
173810179
1099823529
402769086
911612533
413335315
444982891
695768747
132444256
989467871
1280249477
955909093
260348270
593536441
695597647
